<?xml version="1.0" encoding="UTF-8"?>
<!-- Generated by org.testng.reporters.JUnitReportReporter -->
<testsuite skipped="0" hostname="DESKTOP-S9D1FK5" name="authentication.OAuth1" tests="1" failures="0" timestamp="2022-01-04T21:34:19 IST" time="3.196" errors="0">
  <testcase name="postTweet" time="3.196" classname="authentication.OAuth1"/>
  <system-out/>
</testsuite> <!-- authentication.OAuth1 -->
