<?xml version="1.0" encoding="UTF-8"?>
<!-- Generated by org.testng.reporters.JUnitReportReporter -->
<testsuite skipped="0" hostname="DESKTOP-S9D1FK5" name="com.qa.tests.GetAPITest" tests="1" failures="0" timestamp="2022-01-08T15:03:21 IST" time="0.830" errors="0">
  <testcase name="getAPITest" time="0.830" classname="com.qa.tests.GetAPITest"/>
  <system-out/>
</testsuite> <!-- com.qa.tests.GetAPITest -->
