<?xml version="1.0" encoding="UTF-8"?>
<!-- Generated by org.testng.reporters.JUnitReportReporter -->
<testsuite skipped="0" hostname="DESKTOP-S9D1FK5" name="authentication.OAuth2_BaseClass" tests="1" failures="0" timestamp="2022-01-04T21:39:39 IST" time="2.549" errors="0">
  <testcase name="OAuth2" time="2.549" classname="authentication.OAuth2_BaseClass"/>
  <system-out/>
</testsuite> <!-- authentication.OAuth2_BaseClass -->
