<?xml version="1.0" encoding="UTF-8"?>
<!-- Generated by org.testng.reporters.JUnitReportReporter -->
<testsuite skipped="0" hostname="DESKTOP-S9D1FK5" name="getRequest.GetData" tests="2" failures="0" timestamp="2022-01-01T19:58:17 IST" time="4.207" errors="0">
  <testcase name="testResponseCode" time="1.126" classname="getRequest.GetData"/>
  <system-out/>
  <testcase name="testBody" time="3.081" classname="getRequest.GetData"/>
  <system-out/>
</testsuite> <!-- getRequest.GetData -->
