<?xml version="1.0" encoding="UTF-8"?>
<!-- Generated by org.testng.reporters.JUnitReportReporter -->
<testsuite skipped="0" hostname="DESKTOP-S9D1FK5" name="authentication.OAuth2" tests="2" failures="0" timestamp="2022-01-04T22:02:37 IST" time="3.556" errors="0">
  <testcase name="accessInvalidAPI" time="3.134" classname="authentication.OAuth2"/>
  <system-out/>
  <testcase name="accessValidAPI" time="0.422" classname="authentication.OAuth2"/>
  <system-out/>
</testsuite> <!-- authentication.OAuth2 -->
